14:39:55.074 karate.env system property was:  
14:39:55.152 preferred port 4444 not available, will use: 54176
14:40:04.993 [print] Title ===>  ToolsQA
QA
17:38:15.514 assertion failed: path: $, actual: '{"stacktrace":"Backtrace:\n\tOrdinal0 [0x0024C0A3+2212003]\n\tOrdinal0 [0x001E2CC1+1780929]\n\tOrdinal0 [0x000F465D+804445]\n\tOrdinal0 [0x000E7ACE+752334]\n\tOrdinal0 [0x000E65C8+746952]\n\tOrdinal0 [0x000E681D+747549]\n\tOrdinal0 [0x000E5FC5+745413]\n\tOrdinal0 [0x000EDCAA+777386]\n\tOrdinal0 [0x0014F1E4+1176036]\n\tOrdinal0 [0x0013EA36+1108534]\n\tOrdinal0 [0x001183C9+951241]\n\tOrdinal0 [0x00119396+955286]\n\tGetHandleVerifier [0x004F9CE2+2746722]\n\tGetHandleVerifier [0x004EA234+2682548]\n\tGetHandleVerifier [0x002DB34A+524234]\n\tGetHandleVerifier [0x002D9B60+518112]\n\tOrdinal0 [0x001E9FBC+1810364]\n\tOrdinal0 [0x001EEA28+1829416]\n\tOrdinal0 [0x001EEB15+1829653]\n\tOrdinal0 [0x001F8744+1869636]\n\tBaseThreadInitThunk [0x770EFA29+25]\n\tRtlGetAppContainerNamedObjectPath [0x77BC7A9E+286]\n\tRtlGetAppContainerNamedObjectPath [0x77BC7A6E+238]\n\t(No symbol) [0x00000000]\n","error":"unknown error","message":"unknown error: unhandled inspector error: {\"code\":-32000,\"message\":\"Not attached to an active page\"}\n  (Session info: chrome=105.0.5195.54)"}', expected: 'Git Pocket Guide', reason: not equal
ntent-Length: 296
2 < Content-Type: application/json; charset=utf-8
2 < Date: Thu, 01 Sep 2022 00:42:02 GMT
2 < ETag: W/"128-vOA/hWHXmiQPSG7E/VPbew3jRIQ"
2 < Server: nginx/1.17.10 (Ubuntu)
2 < X-Powered-By: Express
{"token":"eyJhbGciOiJIUzI1NiIsInR5cCI6IkpXVCJ9.eyJ1c2VyTmFtZSI6InRvbnlhLmFybXN0cm9uZyIsInBhc3N3b3JkIjoiQ2xhdmVBbGVhdG9yaWE5MTQqIiwiaWF0IjoxNjYxOTkyOTIyfQ.fDvlvmWRtSNldFUcxEHG60CYrFocTle1c1g9rgSKp1Y","expires":"2022-09-08T00:42:02.840Z","status":"Success","result":"User authorized successfully."}

19:42:03.038 [print] {
  "result": "User authorized successfully.",
  "expires": "2022-09-08T00:42:02.840Z",
  "token": "eyJhbGciOiJIUzI1NiIsInR5cCI6IkpXVCJ9.eyJ1c2VyTmFtZSI6InRvbnlhLmFybXN0cm9uZyIsInBhc3N3b3JkIjoiQ2xhdmVBbGVhdG9yaWE5MTQqIiwiaWF0IjoxNjYxOTkyOTIyfQ.fDvlvmWRtSNldFUcxEHG60CYrFocTle1c1g9rgSKp1Y",
  "status": "Success"
}

19:42:03.038 [print] eyJhbGciOiJIUzI1NiIsInR5cCI6IkpXVCJ9.eyJ1c2VyTmFtZSI6InRvbnlhLmFybXN0cm9uZyIsInBhc3N3b3JkIjoiQ2xhdmVBbGVhdG9yaWE5MTQqIiwiaWF0IjoxNjYxOTkyOTIyfQ.fDvlvmWRtSNldFUcxEHG60CYrFocTle1c1g9rgSKp1Y
19:42:03.042 request:
3 > POST https://demoqa.com/Account/v1/Authorized
3 > Accept-Encoding: gzip,deflate
3 > Connection: Keep-Alive
3 > Content-Length: 62
3 > Content-Type: application/json; charset=UTF-8
3 > Host: demoqa.com
3 > User-Agent: Apache-HttpClient/4.5.11 (Java/11.0.15.1)
{"userName":"tonya.armstrong","password":"ClaveAleatoria914*"}

19:42:03.693 response time in milliseconds: 650,93
3 < 200
3 < Connection: keep-alive
3 < Content-Length: 4
3 < Content-Type: application/json; charset=utf-8
3 < Date: Thu, 01 Sep 2022 00:42:03 GMT
3 < ETag: W/"4-X/5TO4MPCKAyY0ipFgr6/IraRNs"
3 < Server: nginx/1.17.10 (Ubuntu)
3 < X-Powered-By: Express
true

19:42:03.701 [print] Response -----------> true
19:42:03.704 request:
4 > GET https://demoqa.com/BookStore/v1/Books
4 > Accept-Encoding: gzip,deflate
4 > Connection: Keep-Alive
4 > Host: demoqa.com
4 > User-Agent: Apache-HttpClient/4.5.11 (Java/11.0.15.1)

19:42:04.267 response time in milliseconds: 558,07
4 < 200
4 < Connection: keep-alive
4 < Content-Length: 4514
4 < Content-Type: application/json; charset=utf-8
4 < Date: Thu, 01 Sep 2022 00:42:04 GMT
4 < ETag: W/"11a2-8zfX++QwcgaCjSU6F8JP9fUd1tY"
4 < Server: nginx/1.17.10 (Ubuntu)
4 < X-Powered-By: Express
{"books":[{"isbn":"9781449325862","title":"Git Pocket Guide","subTitle":"A Working Introduction","author":"Richard E. Silverman","publish_date":"2020-06-04T08:48:39.000Z","publisher":"O'Reilly Media","pages":234,"description":"This pocket guide is the perfect on-the-job companion to Git, the distributed version control system. It provides a compact, readable introduction to Git for new users, as well as a reference to common commands and procedures for those of you with Git exp","website":"http://chimera.labs.oreilly.com/books/1230000000561/index.html"},{"isbn":"9781449331818","title":"Learning JavaScript Design Patterns","subTitle":"A JavaScript and jQuery Developer's Guide","author":"Addy Osmani","publish_date":"2020-06-04T09:11:40.000Z","publisher":"O'Reilly Media","pages":254,"description":"With Learning JavaScript Design Patterns, you'll learn how to write beautiful, structured, and maintainable JavaScript by applying classical and modern design patterns to the language. If you want to keep your code efficient, more manageable, and up-to-da","website":"http://www.addyosmani.com/resources/essentialjsdesignpatterns/book/"},{"isbn":"9781449337711","title":"Designing Evolvable Web APIs with ASP.NET","subTitle":"Harnessing the Power of the Web","author":"Glenn Block et al.","publish_date":"2020-06-04T09:12:43.000Z","publisher":"O'Reilly Media","pages":238,"description":"Design and build Web APIs for a broad range of clients—including browsers and mobile devices—that can adapt to change over time. This practical, hands-on guide takes you through the theory and tools you need to build evolvable HTTP services with Microsoft","website":"http://chimera.labs.oreilly.com/books/1234000001708/index.html"},{"isbn":"9781449365035","title":"Speaking JavaScript","subTitle":"An In-Depth Guide for Programmers","author":"Axel Rauschmayer","publish_date":"2014-02-01T00:00:00.000Z","publisher":"O'Reilly Media","pages":460,"description":"Like it or not, JavaScript is everywhere these days-from browser to server to mobile-and now you, too, need to learn the language or dive deeper than you have. This concise book guides you into and through JavaScript, written by a veteran programmer who o","website":"http://speakingjs.com/"},{"isbn":"9781491904244","title":"You Don't Know JS","subTitle":"ES6 & Beyond","author":"Kyle Simpson","publish_date":"2015-12-27T00:00:00.000Z","publisher":"O'Reilly Media","pages":278,"description":"No matter how much experience you have with JavaScript, odds are you don’t fully understand the language. As part of the \\\"You Don’t Know JS\\\" series, this compact guide focuses on new features available in ECMAScript 6 (ES6), the latest version of the st","website":"https://github.com/getify/You-Dont-Know-JS/tree/master/es6%20&%20beyond"},{"isbn":"9781491950296","title":"Programming JavaScript Applications","subTitle":"Robust Web Architecture with Node, HTML5, and Modern JS Libraries","author":"Eric Elliott","publish_date":"2014-07-01T00:00:00.000Z","publisher":"O'Reilly Media","pages":254,"description":"Take advantage of JavaScript's power to build robust web-scale or enterprise applications that are easy to extend and maintain. By applying the design patterns outlined in this practical book, experienced JavaScript developers will learn how to write flex","website":"http://chimera.labs.oreilly.com/books/1234000000262/index.html"},{"isbn":"9781593275846","title":"Eloquent JavaScript, Second Edition","subTitle":"A Modern Introduction to Programming","author":"Marijn Haverbeke","publish_date":"2014-12-14T00:00:00.000Z","publisher":"No Starch Press","pages":472,"description":"JavaScript lies at the heart of almost every modern web application, from social apps to the newest browser-based games. Though simple for beginners to pick up and play with, JavaScript is a flexible, complex language that you can use to build full-scale ","website":"http://eloquentjavascript.net/"},{"isbn":"9781593277574","title":"Understanding ECMAScript 6","subTitle":"The Definitive Guide for JavaScript Developers","author":"Nicholas C. Zakas","publish_date":"2016-09-03T00:00:00.000Z","publisher":"No Starch Press","pages":352,"description":"ECMAScript 6 represents the biggest update to the core of JavaScript in the history of the language. In Understanding ECMAScript 6, expert developer Nicholas C. Zakas provides a complete guide to the object types, syntax, and other exciting changes that E","website":"https://leanpub.com/understandinges6/read"}]}

19:42:04.269 [print] {
  "books": [
    {
      "website": "http://chimera.labs.oreilly.com/books/1230000000561/index.html",
      "pages": 234,
      "subTitle": "A Working Introduction",
      "author": "Richard E. Silverman",
      "isbn": "9781449325862",
      "publisher": "O'Reilly Media",
      "description": "This pocket guide is the perfect on-the-job companion to Git, the distributed version control system. It provides a compact, readable introduction to Git for new users, as well as a reference to common commands and procedures for those of you with Git exp",
      "title": "Git Pocket Guide",
      "publish_date": "2020-06-04T08:48:39.000Z"
    },
    {
      "website": "http://www.addyosmani.com/resources/essentialjsdesignpatterns/book/",
      "pages": 254,
      "subTitle": "A JavaScript and jQuery Developer's Guide",
      "author": "Addy Osmani",
      "isbn": "9781449331818",
      "publisher": "O'Reilly Media",
      "description": "With Learning JavaScript Design Patterns, you'll learn how to write beautiful, structured, and maintainable JavaScript by applying classical and modern design patterns to the language. If you want to keep your code efficient, more manageable, and up-to-da",
      "title": "Learning JavaScript Design Patterns",
      "publish_date": "2020-06-04T09:11:40.000Z"
    },
    {
      "website": "http://chimera.labs.oreilly.com/books/1234000001708/index.html",
      "pages": 238,
      "subTitle": "Harnessing the Power of the Web",
      "author": "Glenn Block et al.",
      "isbn": "9781449337711",
      "publisher": "O'Reilly Media",
      "description": "Design and build Web APIs for a broad range of clients\u2014including browsers and mobile devices\u2014that can adapt to change over time. This practical, hands-on guide takes you through the theory and tools you need to build evolvable HTTP services with Microsoft",
      "title": "Designing Evolvable Web APIs with ASP.NET",
      "publish_date": "2020-06-04T09:12:43.000Z"
    },
    {
      "website": "http://speakingjs.com/",
      "pages": 460,
      "subTitle": "An In-Depth Guide for Programmers",
      "author": "Axel Rauschmayer",
      "isbn": "9781449365035",
      "publisher": "O'Reilly Media",
      "description": "Like it or not, JavaScript is everywhere these days-from browser to server to mobile-and now you, too, need to learn the language or dive deeper than you have. This concise book guides you into and through JavaScript, written by a veteran programmer who o",
      "title": "Speaking JavaScript",
      "publish_date": "2014-02-01T00:00:00.000Z"
    },
    {
      "website": "https://github.com/getify/You-Dont-Know-JS/tree/master/es6%20&%20beyond",
      "pages": 278,
      "subTitle": "ES6 & Beyond",
      "author": "Kyle Simpson",
      "isbn": "9781491904244",
      "publisher": "O'Reilly Media",
      "description": "No matter how much experience you have with JavaScript, odds are you don\u2019t fully understand the language. As part of the \\\"You Don\u2019t Know JS\\\" series, this compact guide focuses on new features available in ECMAScript 6 (ES6), the latest version of the st",
      "title": "You Don't Know JS",
      "publish_date": "2015-12-27T00:00:00.000Z"
    },
    {
      "website": "http://chimera.labs.oreilly.com/books/1234000000262/index.html",
      "pages": 254,
      "subTitle": "Robust Web Architecture with Node, HTML5, and Modern JS Libraries",
      "author": "Eric Elliott",
      "isbn": "9781491950296",
      "publisher": "O'Reilly Media",
      "description": "Take advantage of JavaScript's power to build robust web-scale or enterprise applications that are easy to extend and maintain. By applying the design patterns outlined in this practical book, experienced JavaScript developers will learn how to write flex",
      "title": "Programming JavaScript Applications",
      "publish_date": "2014-07-01T00:00:00.000Z"
    },
    {
      "website": "http://eloquentjavascript.net/",
      "pages": 472,
      "subTitle": "A Modern Introduction to Programming",
      "author": "Marijn Haverbeke",
      "isbn": "9781593275846",
      "publisher": "No Starch Press",
      "description": "JavaScript lies at the heart of almost every modern web application, from social apps to the newest browser-based games. Though simple for beginners to pick up and play with, JavaScript is a flexible, complex language that you can use to build full-scale ",
      "title": "Eloquent JavaScript, Second Edition",
      "publish_date": "2014-12-14T00:00:00.000Z"
    },
    {
      "website": "https://leanpub.com/understandinges6/read",
      "pages": 352,
      "subTitle": "The Definitive Guide for JavaScript Developers",
      "author": "Nicholas C. Zakas",
      "isbn": "9781593277574",
      "publisher": "No Starch Press",
      "description": "ECMAScript 6 represents the biggest update to the core of JavaScript in the history of the language. In Understanding ECMAScript 6, expert developer Nicholas C. Zakas provides a complete guide to the object types, syntax, and other exciting changes that E",
      "title": "Understanding ECMAScript 6",
      "publish_date": "2016-09-03T00:00:00.000Z"
    }
  ]
}

19:42:04.286 [print] cdc996c3-6f75-41ca-a4b7-beee433f937e
19:42:04.290 request:
5 > POST https://demoqa.com/BookStore/v1/Books
5 > Accept-Encoding: gzip,deflate
5 > Authorization: Bearer eyJhbGciOiJIUzI1NiIsInR5cCI6IkpXVCJ9.eyJ1c2VyTmFtZSI6InRvbnlhLmFybXN0cm9uZyIsInBhc3N3b3JkIjoiQ2xhdmVBbGVhdG9yaWE5MTQqIiwiaWF0IjoxNjYxOTkyOTIyfQ.fDvlvmWRtSNldFUcxEHG60CYrFocTle1c1g9rgSKp1Y
5 > Connection: Keep-Alive
5 > Content-Length: 144
5 > Content-Type: application/json; charset=UTF-8
5 > Host: demoqa.com
5 > User-Agent: Apache-HttpClient/4.5.11 (Java/11.0.15.1)
{"userId":"cdc996c3-6f75-41ca-a4b7-beee433f937e","collectionOfIsbns":[{"isbn":"9781449325862"}],"userID":"cdc996c3-6f75-41ca-a4b7-beee433f937e"}

19:42:04.896 response time in milliseconds: 605,49
5 < 201
5 < Connection: keep-alive
5 < Content-Length: 36
5 < Content-Type: application/json; charset=utf-8
5 < Date: Thu, 01 Sep 2022 00:42:04 GMT
5 < ETag: W/"24-2U7DK3nFgERO/LjA8mW3SiqYyFc"
5 < Server: nginx/1.17.10 (Ubuntu)
5 < X-Powered-By: Express
{"books":[{"isbn":"9781449325862"}]}

19:42:04.896 [print] {
  "books": [
    {
      "isbn": "9781449325862"
    }
  ]
}

itle ===>  ToolsQA
 ToolsQA
ion failed: path: $, actual: 'https://demoqa.com/login', expected: 'https://demoqa.com', reason: not equal
